<?xml version="1.0" encoding="UTF-8"?>
<testng-results skipped="0" failed="0" ignored="0" total="1" passed="1">
  <reporter-output>
  </reporter-output>
  <suite name="Default suite" duration-ms="8903" started-at="2022-04-09T01:19:32 IST" finished-at="2022-04-09T01:19:41 IST">
    <groups>
    </groups>
    <test name="Default test" duration-ms="8903" started-at="2022-04-09T01:19:32 IST" finished-at="2022-04-09T01:19:41 IST">
      <class name="allTest.projectTest">
        <test-method status="PASS" signature="BeforeSuite()[pri:0, instance:allTest.projectTest@7ba18f1b]" name="BeforeSuite" is-config="true" duration-ms="103" started-at="2022-04-09T01:19:32 IST" finished-at="2022-04-09T01:19:32 IST">
          <reporter-output>
          </reporter-output>
        </test-method> <!-- BeforeSuite -->
        <test-method status="PASS" signature="setUp()[pri:0, instance:allTest.projectTest@7ba18f1b]" name="setUp" is-config="true" duration-ms="2307" started-at="2022-04-09T01:19:32 IST" finished-at="2022-04-09T01:19:34 IST">
          <reporter-output>
          </reporter-output>
        </test-method> <!-- setUp -->
        <test-method status="PASS" signature="ips()[pri:0, instance:allTest.projectTest@7ba18f1b]" name="ips" duration-ms="6563" started-at="2022-04-09T01:19:34 IST" finished-at="2022-04-09T01:19:41 IST">
          <reporter-output>
          </reporter-output>
        </test-method> <!-- ips -->
        <test-method status="PASS" signature="getResult(org.testng.ITestResult)[pri:0, instance:allTest.projectTest@7ba18f1b]" name="getResult" is-config="true" duration-ms="5" started-at="2022-04-09T01:19:41 IST" finished-at="2022-04-09T01:19:41 IST">
          <params>
            <param index="0">
              <value>
                <![CDATA[[TestResult name=ips status=SUCCESS method=projectTest.ips()[pri:0, instance:allTest.projectTest@7ba18f1b] output={null}]]]>
              </value>
            </param>
          </params>
          <reporter-output>
          </reporter-output>
        </test-method> <!-- getResult -->
        <test-method status="PASS" signature="tearDown()[pri:0, instance:allTest.projectTest@7ba18f1b]" name="tearDown" is-config="true" duration-ms="321" started-at="2022-04-09T01:19:41 IST" finished-at="2022-04-09T01:19:41 IST">
          <reporter-output>
          </reporter-output>
        </test-method> <!-- tearDown -->
      </class> <!-- allTest.projectTest -->
    </test> <!-- Default test -->
  </suite> <!-- Default suite -->
</testng-results>
