<?xml version="1.0" encoding="UTF-8"?>
<!-- Generated by org.testng.reporters.JUnitXMLReporter -->
<testsuite hostname="Ajays-Air.station" ignored="0" name="Boiler_service_program_filterTest" tests="1" failures="0" timestamp="2022-04-09T18:13:03 IST" time="0.036" errors="0">
  <testcase name="@BeforeClass setUp" time="0.025" classname="allTest.Boiler_service_program_filterTest">
    <failure type="java.lang.NoSuchMethodError" message="org.openqa.selenium.chrome.ChromeOptions.addArguments([Ljava/lang/String;)Lorg/openqa/selenium/chrome/ChromeOptions;">
      <![CDATA[java.lang.NoSuchMethodError: org.openqa.selenium.chrome.ChromeOptions.addArguments([Ljava/lang/String;)Lorg/openqa/selenium/chrome/ChromeOptions;
at allTest.Boiler_service_program_filterTest.setUp(Boiler_service_program_filterTest.java:28)
at java.util.ArrayList.forEach(ArrayList.java:1257)
at java.util.concurrent.FutureTask.run(FutureTask.java:266)
at java.util.concurrent.ThreadPoolExecutor.runWorker(ThreadPoolExecutor.java:1149)
at java.util.concurrent.ThreadPoolExecutor$Worker.run(ThreadPoolExecutor.java:624)
at java.lang.Thread.run(Thread.java:748)
... Removed 16 stack frames]]>
    </failure>
  </testcase> <!-- @BeforeClass setUp -->
  <testcase name="@AfterMethod getResult" time="0.0" classname="allTest.baseTest">
    <failure type="java.lang.NullPointerException">
      <![CDATA[java.lang.NullPointerException
at allTest.baseTest.getResult(baseTest.java:58)
at java.util.ArrayList.forEach(ArrayList.java:1257)
at java.util.concurrent.FutureTask.run(FutureTask.java:266)
at java.util.concurrent.ThreadPoolExecutor.runWorker(ThreadPoolExecutor.java:1149)
at java.util.concurrent.ThreadPoolExecutor$Worker.run(ThreadPoolExecutor.java:624)
at java.lang.Thread.run(Thread.java:748)
... Removed 23 stack frames]]>
    </failure>
  </testcase> <!-- @AfterMethod getResult -->
  <testcase name="search" time="0.0" classname="allTest.Boiler_service_program_filterTest">
    <skipped/>
  </testcase> <!-- search -->
</testsuite> <!-- Boiler_service_program_filterTest -->
